<?xml version="1.0" encoding="UTF-8"?>
<!-- Generated by org.testng.reporters.JUnitReportReporter -->
<testsuite hostname="DESKTOP-PD85J1Q" failures="0" tests="2" name="com.hdfc.qa.testcases.LoginPageTest" time="24.753" errors="0" timestamp="2022-12-14T17:49:07 IST" skipped="0">
  <testcase classname="com.hdfc.qa.testcases.LoginPageTest" name="loginPageTitleTest" time="8.581"/>
  <system-out/>
  <testcase classname="com.hdfc.qa.testcases.LoginPageTest" name="loginPageTest" time="16.172"/>
  <system-out/>
</testsuite> <!-- com.hdfc.qa.testcases.LoginPageTest -->
