<?xml version="1.0" encoding="UTF-8"?>
<!-- Generated by org.testng.reporters.JUnitReportReporter -->
<testsuite hostname="DESKTOP-PD85J1Q" failures="0" tests="1" name="com.hdfc.qa.testcases.ProfilePageTest" time="47.899" errors="0" timestamp="2023-01-03T18:52:16 IST" skipped="0">
  <testcase classname="com.hdfc.qa.testcases.ProfilePageTest" name="clickOnLogoutTest" time="47.899"/>
  <system-out/>
</testsuite> <!-- com.hdfc.qa.testcases.ProfilePageTest -->
