<?xml version="1.0" encoding="UTF-8"?>
<!-- Generated by org.testng.reporters.JUnitReportReporter -->
<testsuite hostname="DESKTOP-PD85J1Q" failures="0" tests="1" name="com.hdfc.qa.testcases.ProfilePageTest" time="46.000" errors="0" timestamp="2023-01-05T01:39:01 IST" skipped="0">
  <testcase classname="com.hdfc.qa.testcases.ProfilePageTest" name="clickOnLogoutTest" time="46.000"/>
  <system-out/>
</testsuite> <!-- com.hdfc.qa.testcases.ProfilePageTest -->
